<?xml version="1.0" encoding="UTF-8"?>
<testsuite name="Cucumber" time="32.644" tests="1" skipped="0" failures="1" errors="0">
<testcase classname="US1008 gecerli kullanici adi ve sifre ile sisteme giris" name="TC12 Gecerli username ve password ile basarili giris yapilabilmeli" time="32.03">
<failure type="org.openqa.selenium.ElementClickInterceptedException" message="element click intercepted: Element &lt;button type=&quot;submit&quot; class=&quot;btn red radius-5 mt-4 w-100&quot;&gt;...&lt;/button&gt; is not clickable at point (959, 541). Other element would receive the click: &lt;a onclick=&quot;cookie...();&quot;&gt;Accept&lt;/a&gt;
  (Session info: chrome=111.0.5563.65)
Build info: version: '4.8.0', revision: '267030adea'
System info: os.name: 'Windows 10', os.arch: 'amd64', os.version: '10.0', java.version: '19.0.2'
Driver info: org.openqa.selenium.chrome.ChromeDriver
Command: [c4daee620aa2591b15d00a5dc5487ad3, clickElement {id=a7c18fd6-a1fb-4aa8-aab3-a7b96a2a0e85}]
Capabilities {acceptInsecureCerts: false, browserName: chrome, browserVersion: 111.0.5563.65, chrome: {chromedriverVersion: 111.0.5563.64 (c710e93d5b63..., userDataDir: C:\Users\AYCABL~1\AppData\L...}, goog:chromeOptions: {debuggerAddress: localhost:49826}, networkConnectionEnabled: false, pageLoadStrategy: normal, platformName: WINDOWS, proxy: Proxy(), se:cdp: ws://localhost:49826/devtoo..., se:cdpVersion: 111.0.5563.65, setWindowRect: true, strictFileInteractability: false, timeouts: {implicit: 0, pageLoad: 300000, script: 30000}, unhandledPromptBehavior: dismiss and notify, webauthn:extension:credBlob: true, webauthn:extension:largeBlob: true, webauthn:extension:minPinLength: true, webauthn:extension:prf: true, webauthn:virtualAuthenticators: true}
Element: [[ChromeDriver: chrome on WINDOWS (c4daee620aa2591b15d00a5dc5487ad3)] -&gt; xpath: //button[text()='Login']]
Session ID: c4daee620aa2591b15d00a5dc5487ad3">
<![CDATA[org.openqa.selenium.ElementClickInterceptedException: element click intercepted: Element <button type="submit" class="btn red radius-5 mt-4 w-100">...</button> is not clickable at point (959, 541). Other element would receive the click: <a onclick="cookie...();">Accept</a>
  (Session info: chrome=111.0.5563.65)
Build info: version: '4.8.0', revision: '267030adea'
System info: os.name: 'Windows 10', os.arch: 'amd64', os.version: '10.0', java.version: '19.0.2'
Driver info: org.openqa.selenium.chrome.ChromeDriver
Command: [c4daee620aa2591b15d00a5dc5487ad3, clickElement {id=a7c18fd6-a1fb-4aa8-aab3-a7b96a2a0e85}]
Capabilities {acceptInsecureCerts: false, browserName: chrome, browserVersion: 111.0.5563.65, chrome: {chromedriverVersion: 111.0.5563.64 (c710e93d5b63..., userDataDir: C:\Users\AYCABL~1\AppData\L...}, goog:chromeOptions: {debuggerAddress: localhost:49826}, networkConnectionEnabled: false, pageLoadStrategy: normal, platformName: WINDOWS, proxy: Proxy(), se:cdp: ws://localhost:49826/devtoo..., se:cdpVersion: 111.0.5563.65, setWindowRect: true, strictFileInteractability: false, timeouts: {implicit: 0, pageLoad: 300000, script: 30000}, unhandledPromptBehavior: dismiss and notify, webauthn:extension:credBlob: true, webauthn:extension:largeBlob: true, webauthn:extension:minPinLength: true, webauthn:extension:prf: true, webauthn:virtualAuthenticators: true}
Element: [[ChromeDriver: chrome on WINDOWS (c4daee620aa2591b15d00a5dc5487ad3)] -> xpath: //button[text()='Login']]
Session ID: c4daee620aa2591b15d00a5dc5487ad3
	at java.base/jdk.internal.reflect.DirectConstructorHandleAccessor.newInstance(DirectConstructorHandleAccessor.java:67)
	at java.base/java.lang.reflect.Constructor.newInstanceWithCaller(Constructor.java:500)
	at java.base/java.lang.reflect.Constructor.newInstance(Constructor.java:484)
	at org.openqa.selenium.remote.codec.w3c.W3CHttpResponseCodec.createException(W3CHttpResponseCodec.java:200)
	at org.openqa.selenium.remote.codec.w3c.W3CHttpResponseCodec.decode(W3CHttpResponseCodec.java:133)
	at org.openqa.selenium.remote.codec.w3c.W3CHttpResponseCodec.decode(W3CHttpResponseCodec.java:53)
	at org.openqa.selenium.remote.HttpCommandExecutor.execute(HttpCommandExecutor.java:184)
	at org.openqa.selenium.remote.service.DriverCommandExecutor.invokeExecute(DriverCommandExecutor.java:167)
	at org.openqa.selenium.remote.service.DriverCommandExecutor.execute(DriverCommandExecutor.java:142)
	at org.openqa.selenium.remote.RemoteWebDriver.execute(RemoteWebDriver.java:543)
	at org.openqa.selenium.remote.RemoteWebElement.execute(RemoteWebElement.java:257)
	at org.openqa.selenium.remote.RemoteWebElement.click(RemoteWebElement.java:78)
	at java.base/jdk.internal.reflect.DirectMethodHandleAccessor.invoke(DirectMethodHandleAccessor.java:104)
	at java.base/java.lang.reflect.Method.invoke(Method.java:578)
	at org.openqa.selenium.support.pagefactory.internal.LocatingElementHandler.invoke(LocatingElementHandler.java:52)
	at jdk.proxy2/jdk.proxy2.$Proxy24.click(Unknown Source)
	at stepdefinitions.QdStepdefinitions.login_butonuna_basar(QdStepdefinitions.java:25)
	at ✽.login butonuna basar(file:///C:/Users/AYCABİL/Desktop/com.team108_Cucumber_winter2023-main/src/test/resources/features/US1008_PozitifLoginTesti.feature:11)
]]>
</failure>
<system-out><![CDATA[
Given kullanici "qdUrl" anasayfaya gider....................................passed
Then ilk login linkine tiklar...............................................passed
And username olarak "qdGecerliUsername" girer...............................passed
And password olarak "qdGecerliPassword" girer...............................passed
And 10 saniye bekler........................................................passed
And login butonuna basar....................................................failed
Then basarili olarak giris yapildigini test eder............................skipped
]]></system-out>
</testcase>
</testsuite>
